<?xml version="1.0" encoding="UTF-8"?>
<testsuite xmlns:xsi="http://www.w3.org/2001/XMLSchema-instance" xsi:noNamespaceSchemaLocation="https://maven.apache.org/surefire/maven-surefire-plugin/xsd/surefire-test-report.xsd" name="ua.lviv.iot.managers.ExhibitsManagerTest" time="0.107" tests="1" errors="0" skipped="0" failures="1">
  <properties>
[...]
</properties>
  <testcase name="findExhibitsByThemeTestDescend" classname="ua.lviv.iot.managers.ExhibitsManagerTest" time="0.094">
    <failure message="expected: &lt;Sat Sep 07 00:00:00 EET 1901&gt; but was: &lt;Wed Sep 07 00:00:00 EET 1904&gt;" type="org.opentest4j.AssertionFailedError"><![CDATA[org.opentest4j.AssertionFailedError: expected: <Sat Sep 07 00:00:00 EET 1901> but was: <Wed Sep 07 00:00:00 EET 1904>
	at ua.lviv.iot.managers.ExhibitsManagerTest.findExhibitsByThemeTest(ExhibitsManagerTest.java:32)
	at ua.lviv.iot.managers.ExhibitsManagerTest.findExhibitsByThemeTestDescend(ExhibitsManagerTest.java:59)
]]></failure>
  </testcase>
</testsuite>