-------------------------------------------------------------------------------
Test set: ua.lviv.iot.managers.ExhibitsManagerTest
-------------------------------------------------------------------------------
Tests run: 1, Failures: 1, Errors: 0, Skipped: 0, Time elapsed: 0.107 s <<< FAILURE! - in ua.lviv.iot.managers.ExhibitsManagerTest
findExhibitsByThemeTestDescend  Time elapsed: 0.094 s  <<< FAILURE!
org.opentest4j.AssertionFailedError: expected: <Sat Sep 07 00:00:00 EET 1901> but was: <Wed Sep 07 00:00:00 EET 1904>
	at ua.lviv.iot.managers.ExhibitsManagerTest.findExhibitsByThemeTest(ExhibitsManagerTest.java:32)
	at ua.lviv.iot.managers.ExhibitsManagerTest.findExhibitsByThemeTestDescend(ExhibitsManagerTest.java:59)

